This is the Google Pub/Sub fake.
Implementation may be incomplete or differ from the real system.
Feb 23, 2025 6:49:44 PM com.google.cloud.pubsub.testing.v1.Main main
INFO: IAM integration is disabled. IAM policy methods and ACL checks are not supported
SLF4J: Failed to load class "org.slf4j.impl.StaticLoggerBinder".
SLF4J: Defaulting to no-operation (NOP) logger implementation
SLF4J: See http://www.slf4j.org/codes.html#StaticLoggerBinder for further details.
Feb 23, 2025 6:49:45 PM com.google.cloud.pubsub.testing.v1.Main main
INFO: Server started, listening on 8085
Feb 23, 2025 6:49:51 PM io.gapi.emulators.netty.HttpVersionRoutingHandler channelRead
INFO: Detected HTTP/2 connection.
Feb 23, 2025 6:57:03 PM io.gapi.emulators.netty.HttpVersionRoutingHandler channelRead
INFO: Detected non-HTTP/2 connection.
Feb 23, 2025 6:57:04 PM io.gapi.emulators.grpc.HttpAdapter$StubMethodHandler handle
INFO: Forwarding key: Host
Feb 23, 2025 6:57:04 PM io.gapi.emulators.grpc.HttpAdapter$StubMethodHandler handle
INFO: Forwarding key: User-Agent
Feb 23, 2025 6:57:04 PM io.gapi.emulators.grpc.HttpAdapter$StubMethodHandler handle
INFO: Forwarding key: Accept
Feb 23, 2025 6:57:04 PM io.gapi.emulators.grpc.HttpAdapter$StubMethodHandler handle
INFO: Not forwarding key: content-length
Feb 23, 2025 6:57:04 PM io.gapi.emulators.netty.HttpVersionRoutingHandler channelRead
INFO: Detected HTTP/2 connection.
Feb 23, 2025 6:57:04 PM io.gapi.emulators.netty.HttpHandler$1 onError
INFO: Exception when handling request: NOT_FOUND: Topic not found
*** shutting down gRPC server since JVM is shutting down
*** server shut down
